<?xml version="1.0" encoding="UTF-8"?>
<testng-results skipped="0" failed="0" ignored="0" total="1" passed="1">
  <reporter-output>
  </reporter-output>
  <suite name="test.java.NewTest" duration-ms="23999" started-at="2018-12-19T23:45:56Z" finished-at="2018-12-19T23:46:20Z">
    <groups>
    </groups>
    <test name="Command line test" duration-ms="23999" started-at="2018-12-19T23:45:56Z" finished-at="2018-12-19T23:46:20Z">
      <class name="test.java.NewTest">
        <test-method status="PASS" signature="BeforeMethod()[pri:0, instance:test.java.NewTest@13969fbe]" name="BeforeMethod" is-config="true" duration-ms="5684" started-at="2018-12-19T23:45:56Z" finished-at="2018-12-19T23:46:02Z">
          <reporter-output>
          </reporter-output>
        </test-method> <!-- BeforeMethod -->
        <test-method status="PASS" signature="f()[pri:0, instance:test.java.NewTest@13969fbe]" name="f" duration-ms="13211" started-at="2018-12-19T23:46:02Z" finished-at="2018-12-19T23:46:15Z">
          <reporter-output>
          </reporter-output>
        </test-method> <!-- f -->
        <test-method status="PASS" signature="AfterMethod()[pri:0, instance:test.java.NewTest@13969fbe]" name="AfterMethod" is-config="true" duration-ms="5062" started-at="2018-12-19T23:46:15Z" finished-at="2018-12-19T23:46:20Z">
          <reporter-output>
          </reporter-output>
        </test-method> <!-- AfterMethod -->
      </class> <!-- test.java.NewTest -->
    </test> <!-- Command line test -->
  </suite> <!-- test.java.NewTest -->
</testng-results>
