<?xml version="1.0" encoding="UTF-8"?>
<testng-results skipped="0" failed="0" ignored="0" total="1" passed="1">
  <reporter-output>
  </reporter-output>
  <suite name="Default suite" duration-ms="24909" started-at="2018-12-19T22:48:14Z" finished-at="2018-12-19T22:48:39Z">
    <groups>
    </groups>
    <test name="Default test" duration-ms="24909" started-at="2018-12-19T22:48:14Z" finished-at="2018-12-19T22:48:39Z">
      <class name="test.java.NewTest">
        <test-method status="PASS" signature="setUp()[pri:0, instance:test.java.NewTest@26be92ad]" name="setUp" is-config="true" duration-ms="6118" started-at="2018-12-19T22:48:14Z" finished-at="2018-12-19T22:48:20Z">
          <reporter-output>
          </reporter-output>
        </test-method> <!-- setUp -->
        <test-method status="PASS" signature="rijksmuseum()[pri:0, instance:test.java.NewTest@26be92ad]" name="rijksmuseum" duration-ms="13694" started-at="2018-12-19T22:48:20Z" finished-at="2018-12-19T22:48:34Z">
          <reporter-output>
          </reporter-output>
        </test-method> <!-- rijksmuseum -->
        <test-method status="PASS" signature="tearDown()[pri:0, instance:test.java.NewTest@26be92ad]" name="tearDown" is-config="true" duration-ms="5072" started-at="2018-12-19T22:48:34Z" finished-at="2018-12-19T22:48:39Z">
          <reporter-output>
          </reporter-output>
        </test-method> <!-- tearDown -->
      </class> <!-- test.java.NewTest -->
    </test> <!-- Default test -->
  </suite> <!-- Default suite -->
</testng-results>
